[2013-09-21 10:16:57] silex.ERROR: Environment config not loaded. Environment not in array. [] []
[2013-09-21 10:18:05] silex.ERROR: Environment config not loaded. Environment not in array. [] []
[2013-09-21 10:18:05] silex.INFO: Matched route "GET_" (parameters: "_controller": "{}", "_route": "GET_") [] []
[2013-09-21 10:18:05] silex.CRITICAL: Symfony\Component\Security\Core\Exception\AuthenticationCredentialsNotFoundException: A Token was not found in the SecurityContext. (uncaught exception) at /var/www/idealprotein/vendor/symfony/security/Symfony/Component/Security/Http/Firewall/AccessListener.php line 56 {"exception":"[object] (Symfony\\Component\\Security\\Core\\Exception\\AuthenticationCredentialsNotFoundException: A Token was not found in the SecurityContext. at /var/www/idealprotein/vendor/symfony/security/Symfony/Component/Security/Http/Firewall/AccessListener.php:56)"} []
[2013-09-21 10:18:05] silex.INFO: Authentication exception occurred; redirecting to authentication entry point (A Token was not found in the SecurityContext.) [] []
[2013-09-21 10:18:05] silex.INFO: < 302 [] []
[2013-09-21 10:18:06] silex.ERROR: Environment config not loaded. Environment not in array. [] []
[2013-09-21 10:18:06] silex.INFO: Matched route "GET_login" (parameters: "_controller": "{}", "_route": "GET_login") [] []
[2013-09-21 10:18:06] silex.INFO: > GET /index_dev.php/login [] []
[2013-09-21 10:18:06] silex.INFO: < 200 [] []
[2013-09-21 10:18:07] silex.ERROR: Environment config not loaded. Environment not in array. [] []
[2013-09-21 10:18:07] silex.ERROR: Symfony\Component\HttpKernel\Exception\NotFoundHttpException: No route found for "GET /favicon.ico" (uncaught exception) at /var/www/idealprotein/vendor/symfony/http-kernel/Symfony/Component/HttpKernel/EventListener/RouterListener.php line 116 {"exception":"[object] (Symfony\\Component\\HttpKernel\\Exception\\NotFoundHttpException: No route found for \"GET /favicon.ico\" at /var/www/idealprotein/vendor/symfony/http-kernel/Symfony/Component/HttpKernel/EventListener/RouterListener.php:116, Symfony\\Component\\Routing\\Exception\\ResourceNotFoundException:  at /var/www/idealprotein/vendor/symfony/routing/Symfony/Component/Routing/Matcher/UrlMatcher.php:91)"} []
[2013-09-21 10:18:40] silex.ERROR: Environment config not loaded. Environment not in array. [] []
[2013-09-21 10:18:40] silex.INFO: Matched route "GET_login" (parameters: "_controller": "{}", "_route": "GET_login") [] []
[2013-09-21 10:18:40] silex.INFO: > GET /index_dev.php/login [] []
[2013-09-21 10:18:40] silex.INFO: < 200 [] []
[2013-09-21 10:18:40] silex.INFO: Matched route "GET_login" (parameters: "_controller": "{}", "_route": "GET_login") [] []
[2013-09-21 10:18:40] silex.INFO: > GET /index_dev.php/login [] []
[2013-09-21 10:18:40] silex.INFO: < 200 [] []
[2013-09-21 10:18:41] silex.ERROR: Environment config not loaded. Environment not in array. [] []
[2013-09-21 10:18:41] silex.ERROR: Symfony\Component\HttpKernel\Exception\NotFoundHttpException: No route found for "GET /favicon.ico" (uncaught exception) at /var/www/idealprotein/vendor/symfony/http-kernel/Symfony/Component/HttpKernel/EventListener/RouterListener.php line 116 {"exception":"[object] (Symfony\\Component\\HttpKernel\\Exception\\NotFoundHttpException: No route found for \"GET /favicon.ico\" at /var/www/idealprotein/vendor/symfony/http-kernel/Symfony/Component/HttpKernel/EventListener/RouterListener.php:116, Symfony\\Component\\Routing\\Exception\\ResourceNotFoundException:  at /var/www/idealprotein/vendor/symfony/routing/Symfony/Component/Routing/Matcher/UrlMatcher.php:91)"} []
[2013-09-21 10:18:47] silex.ERROR: Environment config not loaded. Environment not in array. [] []
[2013-09-21 10:18:47] silex.ERROR: Symfony\Component\HttpKernel\Exception\NotFoundHttpException: No route found for "GET /favicon.ico" (uncaught exception) at /var/www/idealprotein/vendor/symfony/http-kernel/Symfony/Component/HttpKernel/EventListener/RouterListener.php line 116 {"exception":"[object] (Symfony\\Component\\HttpKernel\\Exception\\NotFoundHttpException: No route found for \"GET /favicon.ico\" at /var/www/idealprotein/vendor/symfony/http-kernel/Symfony/Component/HttpKernel/EventListener/RouterListener.php:116, Symfony\\Component\\Routing\\Exception\\ResourceNotFoundException:  at /var/www/idealprotein/vendor/symfony/routing/Symfony/Component/Routing/Matcher/UrlMatcher.php:91)"} []
[2013-09-21 10:18:53] silex.ERROR: Environment config not loaded. Environment not in array. [] []
[2013-09-21 10:18:53] silex.ERROR: Symfony\Component\HttpKernel\Exception\NotFoundHttpException: No route found for "GET /favicon.ico" (uncaught exception) at /var/www/idealprotein/vendor/symfony/http-kernel/Symfony/Component/HttpKernel/EventListener/RouterListener.php line 116 {"exception":"[object] (Symfony\\Component\\HttpKernel\\Exception\\NotFoundHttpException: No route found for \"GET /favicon.ico\" at /var/www/idealprotein/vendor/symfony/http-kernel/Symfony/Component/HttpKernel/EventListener/RouterListener.php:116, Symfony\\Component\\Routing\\Exception\\ResourceNotFoundException:  at /var/www/idealprotein/vendor/symfony/routing/Symfony/Component/Routing/Matcher/UrlMatcher.php:91)"} []
[2013-09-21 10:19:01] silex.ERROR: Environment config not loaded. Environment not in array. [] []
[2013-09-21 10:19:01] silex.INFO: Matched route "GET_" (parameters: "_controller": "{}", "_route": "GET_") [] []
[2013-09-21 10:19:01] silex.CRITICAL: Symfony\Component\Security\Core\Exception\AuthenticationCredentialsNotFoundException: A Token was not found in the SecurityContext. (uncaught exception) at /var/www/idealprotein/vendor/symfony/security/Symfony/Component/Security/Http/Firewall/AccessListener.php line 56 {"exception":"[object] (Symfony\\Component\\Security\\Core\\Exception\\AuthenticationCredentialsNotFoundException: A Token was not found in the SecurityContext. at /var/www/idealprotein/vendor/symfony/security/Symfony/Component/Security/Http/Firewall/AccessListener.php:56)"} []
[2013-09-21 10:19:01] silex.INFO: Authentication exception occurred; redirecting to authentication entry point (A Token was not found in the SecurityContext.) [] []
[2013-09-21 10:19:01] silex.INFO: < 302 [] []
[2013-09-21 10:19:01] silex.INFO: Matched route "GET_" (parameters: "_controller": "{}", "_route": "GET_") [] []
[2013-09-21 10:19:01] silex.CRITICAL: Symfony\Component\Security\Core\Exception\AuthenticationCredentialsNotFoundException: A Token was not found in the SecurityContext. (uncaught exception) at /var/www/idealprotein/vendor/symfony/security/Symfony/Component/Security/Http/Firewall/AccessListener.php line 56 {"exception":"[object] (Symfony\\Component\\Security\\Core\\Exception\\AuthenticationCredentialsNotFoundException: A Token was not found in the SecurityContext. at /var/www/idealprotein/vendor/symfony/security/Symfony/Component/Security/Http/Firewall/AccessListener.php:56)"} []
[2013-09-21 10:19:01] silex.INFO: Authentication exception occurred; redirecting to authentication entry point (A Token was not found in the SecurityContext.) [] []
[2013-09-21 10:19:01] silex.INFO: < 302 [] []
[2013-09-21 10:19:01] silex.ERROR: Environment config not loaded. Environment not in array. [] []
[2013-09-21 10:19:01] silex.INFO: Matched route "GET_login" (parameters: "_controller": "{}", "_route": "GET_login") [] []
[2013-09-21 10:19:01] silex.INFO: > GET /index_dev.php/login [] []
[2013-09-21 10:19:01] silex.INFO: < 200 [] []
[2013-09-21 10:19:01] silex.INFO: Matched route "GET_login" (parameters: "_controller": "{}", "_route": "GET_login") [] []
[2013-09-21 10:19:01] silex.INFO: > GET /index_dev.php/login [] []
[2013-09-21 10:19:01] silex.INFO: < 200 [] []
[2013-09-21 10:19:03] silex.ERROR: Environment config not loaded. Environment not in array. [] []
[2013-09-21 10:19:03] silex.ERROR: Symfony\Component\HttpKernel\Exception\NotFoundHttpException: No route found for "GET /favicon.ico" (uncaught exception) at /var/www/idealprotein/vendor/symfony/http-kernel/Symfony/Component/HttpKernel/EventListener/RouterListener.php line 116 {"exception":"[object] (Symfony\\Component\\HttpKernel\\Exception\\NotFoundHttpException: No route found for \"GET /favicon.ico\" at /var/www/idealprotein/vendor/symfony/http-kernel/Symfony/Component/HttpKernel/EventListener/RouterListener.php:116, Symfony\\Component\\Routing\\Exception\\ResourceNotFoundException:  at /var/www/idealprotein/vendor/symfony/routing/Symfony/Component/Routing/Matcher/UrlMatcher.php:91)"} []
