Sep 21 10:02:30 [info] CREATE TABLE `schema_migrations` (
`version` varchar(255))  DEFAULT CHARSET=latin1;
Sep 21 10:02:30 [info] CREATE UNIQUE INDEX idx_schema_migrations_version ON `schema_migrations`(`version`)
Sep 21 10:05:55 [info] SELECT version FROM schema_migrations
Sep 21 10:05:55 [info] SELECT version FROM schema_migrations
Sep 21 10:05:55 [info] SELECT version FROM schema_migrations
Sep 21 10:05:55 [info] CREATE TABLE `user` (
`id` int(11) UNSIGNED auto_increment NOT NULL,
`username` varchar(255),
`password` varchar(255),
`role` varchar(255),
`full_name` varchar(255),
`email` varchar(255),
 PRIMARY KEY (`id`))  DEFAULT CHARSET=latin1;
Sep 21 10:05:55 [info] INSERT INTO schema_migrations (version) VALUES ('20130921140258')
Sep 21 10:22:59 [info] SELECT version FROM schema_migrations
Sep 21 10:33:10 [info] SELECT version FROM schema_migrations
Sep 21 10:33:10 [info] SELECT version FROM schema_migrations
Sep 21 10:33:10 [info] SELECT version FROM schema_migrations
Sep 21 10:33:37 [info] SELECT version FROM schema_migrations
Sep 21 10:33:37 [info] SELECT version FROM schema_migrations
Sep 21 10:33:37 [info] SELECT version FROM schema_migrations
Sep 21 10:33:37 [info] CREATE TABLE `fooditems` (
`id` int(11) UNSIGNED auto_increment NOT NULL,
`id` int(11),
`category_id` int(11),
`name` varchar(255),
`restricted` tinyint(1),
`foodtype_id` int(11),
 PRIMARY KEY (`id`))  DEFAULT CHARSET=latin1;
Sep 21 10:34:05 [info] SELECT version FROM schema_migrations
Sep 21 10:34:05 [info] SELECT version FROM schema_migrations
Sep 21 10:34:05 [info] SELECT version FROM schema_migrations
Sep 21 10:34:05 [info] CREATE TABLE `fooditems` (
`id` int(11) UNSIGNED auto_increment NOT NULL,
`category_id` int(11),
`name` varchar(255),
`restricted` tinyint(1),
`foodtype_id` int(11),
 PRIMARY KEY (`id`))  DEFAULT CHARSET=latin1;
Sep 21 10:34:05 [info] INSERT INTO schema_migrations (version) VALUES ('20130921142613')
Sep 21 10:37:03 [info] SELECT version FROM schema_migrations
Sep 21 10:37:03 [info] SELECT version FROM schema_migrations
Sep 21 10:37:03 [info] SELECT version FROM schema_migrations
Sep 21 10:37:03 [info] CREATE TABLE `category` (
`id` int(11) UNSIGNED auto_increment NOT NULL,
`name` varchar(255),
 PRIMARY KEY (`id`))  DEFAULT CHARSET=latin1;
Sep 21 10:37:03 [info] INSERT INTO schema_migrations (version) VALUES ('20130921143456')
Sep 21 10:37:03 [info] CREATE TABLE `type` (
`id` int(11) UNSIGNED auto_increment NOT NULL,
`name` varchar(255),
 PRIMARY KEY (`id`))  DEFAULT CHARSET=latin1;
Sep 21 10:37:03 [info] INSERT INTO schema_migrations (version) VALUES ('20130921143504')
Sep 21 14:05:22 [info] SELECT version FROM schema_migrations
Sep 21 14:05:22 [info] SELECT version FROM schema_migrations
Sep 21 14:05:22 [info] SELECT version FROM schema_migrations
Sep 21 14:05:22 [info] ALTER TABLE `type` ADD `category_id` int(11)
Sep 21 14:05:45 [info] SELECT version FROM schema_migrations
Sep 21 14:05:45 [info] SELECT version FROM schema_migrations
Sep 21 14:05:45 [info] SELECT version FROM schema_migrations
Sep 21 14:05:45 [info] ALTER TABLE `type` ADD `category_id` int(11)
Sep 21 14:07:55 [info] SELECT version FROM schema_migrations
Sep 21 14:07:55 [info] SELECT version FROM schema_migrations
Sep 21 14:07:55 [info] SELECT version FROM schema_migrations
Sep 21 14:07:55 [info] ALTER TABLE `type` ADD `category_id` int(11)
Sep 21 14:08:22 [info] SELECT version FROM schema_migrations
Sep 21 14:08:22 [info] SELECT version FROM schema_migrations
Sep 21 14:08:22 [info] SELECT version FROM schema_migrations
Sep 21 14:08:22 [info] ALTER TABLE `type` ADD `category_id` int(11)
Sep 21 14:08:22 [info] INSERT INTO schema_migrations (version) VALUES ('20130921180134')
Sep 21 14:08:22 [info] ALTER TABLE `fooditems` DROP COLUMN `category_id`
Sep 21 14:08:22 [info] INSERT INTO schema_migrations (version) VALUES ('20130921180633')
